{"datetime":"2017-12-06T07:50:58.105Z","HostName":"raspClient1","Rssi":-56,"TXPower":-8,"count":30,"distance":0.4437}
{"datetime":"2017-12-06T07:50:59.823Z","HostName":"raspberrypi","Rssi":-47,"TXPower":-8,"count":30,"distance":0.3039}
{"datetime":"2017-12-06T07:51:28.365Z","HostName":"raspClient1","Rssi":-56,"TXPower":-8,"count":30,"distance":0.4402}
{"datetime":"2017-12-06T07:51:29.852Z","HostName":"raspberrypi","Rssi":-46,"TXPower":-8,"count":30,"distance":0.2807}
{"datetime":"2017-12-06T07:51:58.148Z","HostName":"raspClient1","Rssi":-55,"TXPower":-8,"count":30,"distance":0.4716}
{"datetime":"2017-12-06T07:51:59.863Z","HostName":"raspberrypi","Rssi":-51,"TXPower":-8,"count":30,"distance":0.2905}
{"datetime":"2017-12-06T07:52:28.099Z","HostName":"raspClient1","Rssi":-55,"TXPower":-8,"count":30,"distance":0.4426}
{"datetime":"2017-12-06T07:52:29.847Z","HostName":"raspberrypi","Rssi":-50,"TXPower":-8,"count":30,"distance":0.3264}
{"datetime":"2017-12-06T07:52:58.125Z","HostName":"raspClient1","Rssi":-56,"TXPower":-8,"count":30,"distance":0.4379}
{"datetime":"2017-12-06T07:52:59.899Z","HostName":"raspberrypi","Rssi":-50,"TXPower":-8,"count":30,"distance":0.3031}
{"datetime":"2017-12-06T07:53:28.129Z","HostName":"raspClient1","Rssi":-52,"TXPower":-8,"count":30,"distance":0.4679}
{"datetime":"2017-12-06T07:53:29.906Z","HostName":"raspberrypi","Rssi":-51,"TXPower":-8,"count":30,"distance":0.3171}
{"datetime":"2017-12-06T07:53:58.139Z","HostName":"raspClient1","Rssi":-56,"TXPower":-8,"count":30,"distance":0.4242}
{"datetime":"2017-12-06T07:53:59.955Z","HostName":"raspberrypi","Rssi":-50,"TXPower":-8,"count":30,"distance":0.2698}
{"datetime":"2017-12-06T07:54:28.221Z","HostName":"raspClient1","Rssi":-56,"TXPower":-8,"count":30,"distance":0.4544}
{"datetime":"2017-12-06T07:54:30.255Z","HostName":"raspberrypi","Rssi":-49,"TXPower":-8,"count":30,"distance":0.3007}
{"datetime":"2017-12-06T07:54:58.268Z","HostName":"raspClient1","Rssi":-81,"TXPower":-8,"count":30,"distance":1.2723}
{"datetime":"2017-12-06T07:54:59.999Z","HostName":"raspberrypi","Rssi":-62,"TXPower":-8,"count":30,"distance":0.7554}
{"datetime":"2017-12-06T07:55:28.456Z","HostName":"raspClient1","Rssi":-76,"TXPower":-8,"count":30,"distance":1.7479}
{"datetime":"2017-12-06T07:55:30.031Z","HostName":"raspberrypi","Rssi":-60,"TXPower":-8,"count":30,"distance":0.7395}
{"datetime":"2017-12-06T07:55:58.245Z","HostName":"raspClient1","Rssi":-72,"TXPower":-8,"count":30,"distance":1.9586}
{"datetime":"2017-12-06T07:56:00.128Z","HostName":"raspberrypi","Rssi":-60,"TXPower":-8,"count":30,"distance":0.8287}
{"datetime":"2017-12-06T07:56:28.407Z","HostName":"raspClient1","Rssi":-64,"TXPower":-8,"count":30,"distance":1.4678}
{"datetime":"2017-12-06T07:56:30.054Z","HostName":"raspberrypi","Rssi":-62,"TXPower":-8,"count":30,"distance":0.8309}
{"datetime":"2017-12-06T07:56:58.278Z","HostName":"raspClient1","Rssi":-64,"TXPower":-8,"count":30,"distance":0.9816}
{"datetime":"2017-12-06T07:57:00.149Z","HostName":"raspberrypi","Rssi":-61,"TXPower":-8,"count":30,"distance":0.6048}
{"datetime":"2017-12-06T07:57:28.334Z","HostName":"raspClient1","Rssi":-63,"TXPower":-8,"count":30,"distance":0.9662}
{"datetime":"2017-12-06T07:57:30.114Z","HostName":"raspberrypi","Rssi":-55,"TXPower":-8,"count":30,"distance":0.5797}
{"datetime":"2017-12-06T07:57:58.388Z","HostName":"raspClient1","Rssi":-64,"TXPower":-8,"count":30,"distance":0.842}
{"datetime":"2017-12-06T07:58:00.189Z","HostName":"raspberrypi","Rssi":-55,"TXPower":-8,"count":30,"distance":0.4855}
{"datetime":"2017-12-06T07:58:28.520Z","HostName":"raspClient1","Rssi":-56,"TXPower":-8,"count":30,"distance":0.6831}
{"datetime":"2017-12-06T07:58:30.157Z","HostName":"raspberrypi","Rssi":-56,"TXPower":-8,"count":30,"distance":0.4496}
{"datetime":"2017-12-06T07:58:58.371Z","HostName":"raspClient1","Rssi":-61,"TXPower":-8,"count":30,"distance":0.6377}
{"datetime":"2017-12-06T07:59:00.197Z","HostName":"raspberrypi","Rssi":-56,"TXPower":-8,"count":30,"distance":0.4666}
{"datetime":"2017-12-06T07:59:28.360Z","HostName":"raspClient1","Rssi":-58,"TXPower":-8,"count":30,"distance":0.6813}
{"datetime":"2017-12-06T07:59:30.231Z","HostName":"raspberrypi","Rssi":-56,"TXPower":-8,"count":30,"distance":0.5341}
{"datetime":"2017-12-06T07:59:58.401Z","HostName":"raspClient1","Rssi":-56,"TXPower":-8,"count":30,"distance":0.5412}
{"datetime":"2017-12-06T08:00:00.347Z","HostName":"raspberrypi","Rssi":-56,"TXPower":-8,"count":30,"distance":0.4437}
{"datetime":"2017-12-06T08:00:28.507Z","HostName":"raspClient1","Rssi":-57,"TXPower":-8,"count":30,"distance":0.636}
{"datetime":"2017-12-06T08:00:30.222Z","HostName":"raspberrypi","Rssi":-54,"TXPower":-8,"count":30,"distance":0.4299}
{"datetime":"2017-12-06T08:00:58.454Z","HostName":"raspClient1","Rssi":-61,"TXPower":-8,"count":30,"distance":0.631}
{"datetime":"2017-12-06T08:01:00.245Z","HostName":"raspberrypi","Rssi":-54,"TXPower":-8,"count":30,"distance":0.4485}
{"datetime":"2017-12-06T08:01:28.434Z","HostName":"raspClient1","Rssi":-58,"TXPower":-8,"count":30,"distance":0.6759}
{"datetime":"2017-12-06T08:01:30.281Z","HostName":"raspberrypi","Rssi":-55,"TXPower":-8,"count":30,"distance":0.4679}
{"datetime":"2017-12-06T08:01:58.501Z","HostName":"raspClient1","Rssi":-62,"TXPower":-8,"count":30,"distance":0.636}
{"datetime":"2017-12-06T08:02:00.379Z","HostName":"raspberrypi","Rssi":-55,"TXPower":-8,"count":30,"distance":0.4581}
{"datetime":"2017-12-06T08:02:28.626Z","HostName":"raspClient1","Rssi":-56,"TXPower":-8,"count":30,"distance":0.6548}
{"datetime":"2017-12-06T08:02:30.291Z","HostName":"raspberrypi","Rssi":-57,"TXPower":-8,"count":30,"distance":0.4508}
{"datetime":"2017-12-06T08:02:58.522Z","HostName":"raspClient1","Rssi":-55,"TXPower":-8,"count":30,"distance":0.6885}
{"datetime":"2017-12-06T08:03:00.311Z","HostName":"raspberrypi","Rssi":-55,"TXPower":-8,"count":30,"distance":0.4766}
{"datetime":"2017-12-06T08:03:28.564Z","HostName":"raspClient1","Rssi":-64,"TXPower":-8,"count":30,"distance":0.7089}
{"datetime":"2017-12-06T08:03:30.373Z","HostName":"raspberrypi","Rssi":-55,"TXPower":-8,"count":30,"distance":0.4716}
{"datetime":"2017-12-06T08:03:58.576Z","HostName":"raspClient1","Rssi":-59,"TXPower":-8,"count":30,"distance":0.6922}
{"datetime":"2017-12-06T08:04:00.463Z","HostName":"raspberrypi","Rssi":-55,"TXPower":-8,"count":30,"distance":0.4666}
{"datetime":"2017-12-06T08:04:28.567Z","HostName":"raspClient1","Rssi":-59,"TXPower":-8,"count":30,"distance":0.6723}
{"datetime":"2017-12-06T08:04:30.387Z","HostName":"raspberrypi","Rssi":-56,"TXPower":-8,"count":30,"distance":0.4804}

{"datetime":"2017-12-06T08:00:58.454Z","HostName":"raspClient1","Rssi":-61,"TXPower":-8,"count":30,"distance":0.631}
{"datetime":"2017-12-06T08:01:00.245Z","HostName":"raspberrypi","Rssi":-54,"TXPower":-8,"count":30,"distance":0.4485}
{"datetime":"2017-12-06T08:01:28.434Z","HostName":"raspClient1","Rssi":-58,"TXPower":-8,"count":30,"distance":0.6759}
{"datetime":"2017-12-06T08:01:30.281Z","HostName":"raspberrypi","Rssi":-55,"TXPower":-8,"count":30,"distance":0.4679}
{"datetime":"2017-12-06T08:01:58.501Z","HostName":"raspClient1","Rssi":-62,"TXPower":-8,"count":30,"distance":0.636}
{"datetime":"2017-12-06T08:02:00.379Z","HostName":"raspberrypi","Rssi":-55,"TXPower":-8,"count":30,"distance":0.4581}
{"datetime":"2017-12-06T08:02:28.626Z","HostName":"raspClient1","Rssi":-56,"TXPower":-8,"count":30,"distance":0.6548}
{"datetime":"2017-12-06T08:02:30.291Z","HostName":"raspberrypi","Rssi":-57,"TXPower":-8,"count":30,"distance":0.4508}
{"datetime":"2017-12-06T08:02:58.522Z","HostName":"raspClient1","Rssi":-55,"TXPower":-8,"count":30,"distance":0.6885}
{"datetime":"2017-12-06T08:03:00.311Z","HostName":"raspberrypi","Rssi":-55,"TXPower":-8,"count":30,"distance":0.4766}
{"datetime":"2017-12-06T08:03:28.564Z","HostName":"raspClient1","Rssi":-64,"TXPower":-8,"count":30,"distance":0.7089}
{"datetime":"2017-12-06T08:03:30.373Z","HostName":"raspberrypi","Rssi":-55,"TXPower":-8,"count":30,"distance":0.4716}
{"datetime":"2017-12-06T08:03:58.576Z","HostName":"raspClient1","Rssi":-59,"TXPower":-8,"count":30,"distance":0.6922}
{"datetime":"2017-12-06T08:04:00.463Z","HostName":"raspberrypi","Rssi":-55,"TXPower":-8,"count":30,"distance":0.4666}
{"datetime":"2017-12-06T08:04:28.567Z","HostName":"raspClient1","Rssi":-59,"TXPower":-8,"count":30,"distance":0.6723}
{"datetime":"2017-12-06T08:04:30.387Z","HostName":"raspberrypi","Rssi":-56,"TXPower":-8,"count":30,"distance":0.4804}
{"datetime":"2017-12-06T08:02:58.522Z","HostName":"raspClient1","Rssi":-55,"TXPower":-8,"count":30,"distance":0.6885}
{"datetime":"2017-12-06T08:03:00.311Z","HostName":"raspberrypi","Rssi":-55,"TXPower":-8,"count":30,"distance":0.4766}
{"datetime":"2017-12-06T08:03:28.564Z","HostName":"raspClient1","Rssi":-64,"TXPower":-8,"count":30,"distance":0.7089}
{"datetime":"2017-12-06T08:03:30.373Z","HostName":"raspberrypi","Rssi":-55,"TXPower":-8,"count":30,"distance":0.4716}
{"datetime":"2017-12-06T08:03:58.576Z","HostName":"raspClient1","Rssi":-59,"TXPower":-8,"count":30,"distance":0.6922}
{"datetime":"2017-12-06T08:04:00.463Z","HostName":"raspberrypi","Rssi":-55,"TXPower":-8,"count":30,"distance":0.4666}
{"datetime":"2017-12-06T08:04:28.567Z","HostName":"raspClient1","Rssi":-59,"TXPower":-8,"count":30,"distance":0.6723}
{"datetime":"2017-12-06T08:04:30.387Z","HostName":"raspberrypi","Rssi":-56,"TXPower":-8,"count":30,"distance":0.4804}
etime":"2017-12-06T08:03:28.564Z","HostName":"raspClient1","Rssi":-64,"TXPower":-8,"count":30,"distance":0.7089}
{"datetime":"2017-12-06T08:03:30.373Z","HostName":"raspberrypi","Rssi":-55,"TXPower":-8,"count":30,"distance":0.4716}
{"datetime":"2017-12-06T08:03:58.576Z","HostName":"raspClient1","Rssi":-59,"TXPower":-8,"count":30,"distance":0.6922}
{"datetime":"2017-12-06T08:04:00.463Z","HostName":"raspberrypi","Rssi":-55,"TXPower":-8,"count":30,"distance":0.4666}
{"datetime":"2017-12-06T08:04:28.567Z","HostName":"raspClient1","Rssi":-59,"TXPower":-8,"count":30,"distance":0.6723}
{"datetime":"2017-12-06T08:04:30.387Z","HostName":"raspberrypi","Rssi":-56,"TXPower":-8,"count":30,"distance":0.4804}
}
{"datetime":"2017-12-06T07:59:28.360Z","HostName":"raspClient1","Rssi":-58,"TXPower":-8,"count":30,"distance":0.6813}
{"datetime":"2017-12-06T07:59:30.231Z","HostName":"raspberrypi","Rssi":-56,"TXPower":-8,"count":30,"distance":0.5341}
{"datetime":"2017-12-06T07:59:58.401Z","HostName":"raspClient1","Rssi":-56,"TXPower":-8,"count":30,"distance":0.5412}
{"datetime":"2017-12-06T08:00:00.347Z","HostName":"raspberrypi","Rssi":-56,"TXPower":-8,"count":30,"distance":0.4437}
{"datetime":"2017-12-06T08:00:28.507Z","HostName":"raspClient1","Rssi":-57,"TXPower":-8,"count":30,"distance":0.636}
{"datetime":"2017-12-06T08:00:30.222Z","HostName":"raspberrypi","Rssi":-54,"TXPower":-8,"count":30,"distance":0.4299}
{"datetime":"2017-12-06T08:00:58.454Z","HostName":"raspClient1","Rssi":-61,"TXPower":-8,"count":30,"distance":0.631}
{"datetime":"2017-12-06T08:01:00.245Z","HostName":"raspberrypi","Rssi":-54,"TXPower":-8,"count":30,"distance":0.4485}
{"datetime":"2017-12-06T08:01:28.434Z","HostName":"raspClient1","Rssi":-58,"TXPower":-8,"count":30,"distance":0.6759}
{"datetime":"2017-12-06T08:01:30.281Z","HostName":"raspberrypi","Rssi":-55,"TXPower":-8,"count":30,"distance":0.4679}
{"datetime":"2017-12-06T08:01:58.501Z","HostName":"raspClient1","Rssi":-62,"TXPower":-8,"count":30,"distance":0.636}
{"datetime":"2017-12-06T08:02:00.379Z","HostName":"raspberrypi","Rssi":-55,"TXPower":-8,"count":30,"distance":0.4581}
{"datetime":"2017-12-06T08:02:28.626Z","HostName":"raspClient1","Rssi":-56,"TXPower":-8,"count":30,"distance":0.6548}
{"datetime":"2017-12-06T08:02:30.291Z","HostName":"raspberrypi","Rssi":-57,"TXPower":-8,"count":30,"distance":0.4508}
{"datetime":"2017-12-06T08:02:58.522Z","HostName":"raspClient1","Rssi":-55,"TXPower":-8,"count":30,"distance":0.6885}
{"datetime":"2017-12-06T08:03:00.311Z","HostName":"raspberrypi","Rssi":-55,"TXPower":-8,"count":30,"distance":0.4766}
{"datetime":"2017-12-06T08:03:28.564Z","HostName":"raspClient1","Rssi":-64,"TXPower":-8,"count":30,"distance":0.7089}
{"datetime":"2017-12-06T08:03:30.373Z","HostName":"raspberrypi","Rssi":-55,"TXPower":-8,"count":30,"distance":0.4716}
{"datetime":"2017-12-06T08:03:58.576Z","HostName":"raspClient1","Rssi":-59,"TXPower":-8,"count":30,"distance":0.6922}
{"datetime":"2017-12-06T08:04:00.463Z","HostName":"raspberrypi","Rssi":-55,"TXPower":-8,"count":30,"distance":0.4666}
{"datetime":"2017-12-06T08:04:28.567Z","HostName":"raspClient1","Rssi":-59,"TXPower":-8,"count":30,"distance":0.6723}
{"datetime":"2017-12-06T08:04:30.387Z","HostName":"raspberrypi","Rssi":-56,"TXPower":-8,"count":30,"distance":0.4804}
3}
{"datetime":"2017-12-06T07:54:59.999Z","HostName":"raspberrypi","Rssi":-62,"TXPower":-8,"count":30,"distance":0.7554}
{"datetime":"2017-12-06T07:55:28.456Z","HostName":"raspClient1","Rssi":-76,"TXPower":-8,"count":30,"distance":1.7479}
{"datetime":"2017-12-06T07:55:30.031Z","HostName":"raspberrypi","Rssi":-60,"TXPower":-8,"count":30,"distance":0.7395}
{"datetime":"2017-12-06T07:55:58.245Z","HostName":"raspClient1","Rssi":-72,"TXPower":-8,"count":30,"distance":1.9586}
{"datetime":"2017-12-06T07:56:00.128Z","HostName":"raspberrypi","Rssi":-60,"TXPower":-8,"count":30,"distance":0.8287}
{"datetime":"2017-12-06T07:56:28.407Z","HostName":"raspClient1","Rssi":-64,"TXPower":-8,"count":30,"distance":1.4678}
{"datetime":"2017-12-06T07:56:30.054Z","HostName":"raspberrypi","Rssi":-62,"TXPower":-8,"count":30,"distance":0.8309}
{"datetime":"2017-12-06T07:56:58.278Z","HostName":"raspClient1","Rssi":-64,"TXPower":-8,"count":30,"distance":0.9816}
{"datetime":"2017-12-06T07:57:00.149Z","HostName":"raspberrypi","Rssi":-61,"TXPower":-8,"count":30,"distance":0.6048}
{"datetime":"2017-12-06T07:57:28.334Z","HostName":"raspClient1","Rssi":-63,"TXPower":-8,"count":30,"distance":0.9662}
{"datetime":"2017-12-06T07:57:30.114Z","HostName":"raspberrypi","Rssi":-55,"TXPower":-8,"count":30,"distance":0.5797}
{"datetime":"2017-12-06T07:57:58.388Z","HostName":"raspClient1","Rssi":-64,"TXPower":-8,"count":30,"distance":0.842}
{"datetime":"2017-12-06T07:58:00.189Z","HostName":"raspberrypi","Rssi":-55,"TXPower":-8,"count":30,"distance":0.4855}
{"datetime":"2017-12-06T07:58:28.520Z","HostName":"raspClient1","Rssi":-56,"TXPower":-8,"count":30,"distance":0.6831}
{"datetime":"2017-12-06T07:58:30.157Z","HostName":"raspberrypi","Rssi":-56,"TXPower":-8,"count":30,"distance":0.4496}
{"datetime":"2017-12-06T07:58:58.371Z","HostName":"raspClient1","Rssi":-61,"TXPower":-8,"count":30,"distance":0.6377}
{"datetime":"2017-12-06T07:59:00.197Z","HostName":"raspberrypi","Rssi":-56,"TXPower":-8,"count":30,"distance":0.4666}
{"datetime":"2017-12-06T07:59:28.360Z","HostName":"raspClient1","Rssi":-58,"TXPower":-8,"count":30,"distance":0.6813}
{"datetime":"2017-12-06T07:59:30.231Z","HostName":"raspberrypi","Rssi":-56,"TXPower":-8,"count":30,"distance":0.5341}
{"datetime":"2017-12-06T07:59:58.401Z","HostName":"raspClient1","Rssi":-56,"TXPower":-8,"count":30,"distance":0.5412}
{"datetime":"2017-12-06T08:00:00.347Z","HostName":"raspberrypi","Rssi":-56,"TXPower":-8,"count":30,"distance":0.4437}
{"datetime":"2017-12-06T08:00:28.507Z","HostName":"raspClient1","Rssi":-57,"TXPower":-8,"count":30,"distance":0.636}
{"datetime":"2017-12-06T08:00:30.222Z","HostName":"raspberrypi","Rssi":-54,"TXPower":-8,"count":30,"distance":0.4299}
{"datetime":"2017-12-06T08:00:58.454Z","HostName":"raspClient1","Rssi":-61,"TXPower":-8,"count":30,"distance":0.631}
{"datetime":"2017-12-06T08:01:00.245Z","HostName":"raspberrypi","Rssi":-54,"TXPower":-8,"count":30,"distance":0.4485}
{"datetime":"2017-12-06T08:01:28.434Z","HostName":"raspClient1","Rssi":-58,"TXPower":-8,"count":30,"distance":0.6759}
{"datetime":"2017-12-06T08:01:30.281Z","HostName":"raspberrypi","Rssi":-55,"TXPower":-8,"count":30,"distance":0.4679}
{"datetime":"2017-12-06T08:01:58.501Z","HostName":"raspClient1","Rssi":-62,"TXPower":-8,"count":30,"distance":0.636}
{"datetime":"2017-12-06T08:02:00.379Z","HostName":"raspberrypi","Rssi":-55,"TXPower":-8,"count":30,"distance":0.4581}
{"datetime":"2017-12-06T08:02:28.626Z","HostName":"raspClient1","Rssi":-56,"TXPower":-8,"count":30,"distance":0.6548}
{"datetime":"2017-12-06T08:02:30.291Z","HostName":"raspberrypi","Rssi":-57,"TXPower":-8,"count":30,"distance":0.4508}
{"datetime":"2017-12-06T08:02:58.522Z","HostName":"raspClient1","Rssi":-55,"TXPower":-8,"count":30,"distance":0.6885}
{"datetime":"2017-12-06T08:03:00.311Z","HostName":"raspberrypi","Rssi":-55,"TXPower":-8,"count":30,"distance":0.4766}
{"datetime":"2017-12-06T08:03:28.564Z","HostName":"raspClient1","Rssi":-64,"TXPower":-8,"count":30,"distance":0.7089}
{"datetime":"2017-12-06T08:03:30.373Z","HostName":"raspberrypi","Rssi":-55,"TXPower":-8,"count":30,"distance":0.4716}
{"datetime":"2017-12-06T08:03:58.576Z","HostName":"raspClient1","Rssi":-59,"TXPower":-8,"count":30,"distance":0.6922}
{"datetime":"2017-12-06T08:04:00.463Z","HostName":"raspberrypi","Rssi":-55,"TXPower":-8,"count":30,"distance":0.4666}
{"datetime":"2017-12-06T08:04:28.567Z","HostName":"raspClient1","Rssi":-59,"TXPower":-8,"count":30,"distance":0.6723}
{"datetime":"2017-12-06T08:04:30.387Z","HostName":"raspberrypi","Rssi":-56,"TXPower":-8,"count":30,"distance":0.4804}
